2024-01-15 10:32:52.056+0000 INFO  Logging config in use: Embedded default config 'default-user-logs.xml'
2024-01-15 10:32:52.060+0000 WARN  Use of deprecated setting 'dbms.memory.pagecache.size'. It is replaced by 'server.memory.pagecache.size'.
2024-01-15 10:32:52.060+0000 WARN  Use of deprecated setting 'dbms.memory.heap.max_size'. It is replaced by 'server.memory.heap.max_size'.
2024-01-15 10:32:52.061+0000 WARN  Use of deprecated setting 'dbms.memory.heap.initial_size'. It is replaced by 'server.memory.heap.initial_size'.
2024-01-15 10:32:52.063+0000 INFO  Starting...
2024-01-15 10:32:52.548+0000 INFO  This instance is ServerId{d311297a} (d311297a-a2a6-4d77-ab0c-d9157cd89f9b)
2024-01-15 10:32:52.952+0000 INFO  ======== Neo4j 5.15.0 ========
2024-01-15 10:32:56.223+0000 INFO  Bolt enabled on 0.0.0.0:7687.
2024-01-15 10:32:56.605+0000 INFO  HTTP enabled on 0.0.0.0:7474.
2024-01-15 10:32:56.607+0000 INFO  Remote interface available at http://localhost:7474/
2024-01-15 10:32:56.610+0000 INFO  id: 0525B49C01A9667B0C35F149F3FC8E3D3555BF4AA5F48BD67151FB111AF78015
2024-01-15 10:32:56.611+0000 INFO  name: system
2024-01-15 10:32:56.612+0000 INFO  creationDate: 2024-01-15T10:32:53.476Z
2024-01-15 10:32:56.613+0000 INFO  Started.
2024-01-15 10:33:03.462+0000 INFO  Neo4j Server shutdown initiated by request
2024-01-15 10:33:03.468+0000 INFO  Stopping...
2024-01-15 10:33:08.961+0000 INFO  Stopped.
2024-01-15 10:34:39.348+0000 INFO  Logging config in use: Embedded default config 'default-user-logs.xml'
2024-01-15 10:34:39.351+0000 WARN  Use of deprecated setting 'dbms.memory.pagecache.size'. It is replaced by 'server.memory.pagecache.size'.
2024-01-15 10:34:39.352+0000 WARN  Use of deprecated setting 'dbms.memory.heap.max_size'. It is replaced by 'server.memory.heap.max_size'.
2024-01-15 10:34:39.352+0000 WARN  Use of deprecated setting 'dbms.memory.heap.initial_size'. It is replaced by 'server.memory.heap.initial_size'.
2024-01-15 10:34:39.354+0000 INFO  Starting...
2024-01-15 10:34:39.944+0000 INFO  This instance is ServerId{d311297a} (d311297a-a2a6-4d77-ab0c-d9157cd89f9b)
2024-01-15 10:34:40.431+0000 INFO  ======== Neo4j 5.15.0 ========
2024-01-15 10:34:44.246+0000 INFO  Bolt enabled on 0.0.0.0:7687.
2024-01-15 10:34:44.668+0000 INFO  HTTP enabled on 0.0.0.0:7474.
2024-01-15 10:34:44.669+0000 INFO  Remote interface available at http://localhost:7474/
2024-01-15 10:34:44.673+0000 INFO  id: 0525B49C01A9667B0C35F149F3FC8E3D3555BF4AA5F48BD67151FB111AF78015
2024-01-15 10:34:44.674+0000 INFO  name: system
2024-01-15 10:34:44.675+0000 INFO  creationDate: 2024-01-15T10:32:53.476Z
2024-01-15 10:34:44.676+0000 INFO  Started.
2024-01-15 10:36:51.139+0000 INFO  Neo4j Server shutdown initiated by request
2024-01-15 10:36:51.143+0000 INFO  Stopping...
2024-01-15 10:36:56.341+0000 INFO  Stopped.
2024-01-15 10:37:06.819+0000 INFO  Logging config in use: Embedded default config 'default-user-logs.xml'
2024-01-15 10:37:06.823+0000 WARN  Use of deprecated setting 'dbms.memory.pagecache.size'. It is replaced by 'server.memory.pagecache.size'.
2024-01-15 10:37:06.823+0000 WARN  Use of deprecated setting 'dbms.memory.heap.max_size'. It is replaced by 'server.memory.heap.max_size'.
2024-01-15 10:37:06.824+0000 WARN  Use of deprecated setting 'dbms.memory.heap.initial_size'. It is replaced by 'server.memory.heap.initial_size'.
2024-01-15 10:37:06.826+0000 INFO  Starting...
2024-01-15 10:37:07.415+0000 INFO  This instance is ServerId{d311297a} (d311297a-a2a6-4d77-ab0c-d9157cd89f9b)
2024-01-15 10:37:07.928+0000 INFO  ======== Neo4j 5.15.0 ========
2024-01-15 10:37:11.610+0000 INFO  Bolt enabled on 0.0.0.0:7687.
2024-01-15 10:37:12.064+0000 INFO  HTTP enabled on 0.0.0.0:7474.
2024-01-15 10:37:12.065+0000 INFO  Remote interface available at http://localhost:7474/
2024-01-15 10:37:12.068+0000 INFO  id: 0525B49C01A9667B0C35F149F3FC8E3D3555BF4AA5F48BD67151FB111AF78015
2024-01-15 10:37:12.069+0000 INFO  name: system
2024-01-15 10:37:12.070+0000 INFO  creationDate: 2024-01-15T10:32:53.476Z
2024-01-15 10:37:12.071+0000 INFO  Started.
2024-01-15 10:39:04.671+0000 INFO  Neo4j Server shutdown initiated by request
2024-01-15 10:39:04.680+0000 INFO  Stopping...
2024-01-15 10:39:09.801+0000 INFO  Stopped.
2024-01-15 10:39:40.415+0000 INFO  Logging config in use: Embedded default config 'default-user-logs.xml'
2024-01-15 10:39:40.420+0000 WARN  Use of deprecated setting 'dbms.memory.pagecache.size'. It is replaced by 'server.memory.pagecache.size'.
2024-01-15 10:39:40.420+0000 WARN  Use of deprecated setting 'dbms.memory.heap.max_size'. It is replaced by 'server.memory.heap.max_size'.
2024-01-15 10:39:40.421+0000 WARN  Use of deprecated setting 'dbms.memory.heap.initial_size'. It is replaced by 'server.memory.heap.initial_size'.
2024-01-15 10:39:40.422+0000 INFO  Starting...
2024-01-15 10:39:40.987+0000 INFO  This instance is ServerId{d311297a} (d311297a-a2a6-4d77-ab0c-d9157cd89f9b)
2024-01-15 10:39:41.484+0000 INFO  ======== Neo4j 5.15.0 ========
2024-01-15 10:39:45.043+0000 INFO  Bolt enabled on 0.0.0.0:7687.
2024-01-15 10:39:45.539+0000 INFO  HTTP enabled on 0.0.0.0:7474.
2024-01-15 10:39:45.541+0000 INFO  Remote interface available at http://localhost:7474/
2024-01-15 10:39:45.544+0000 INFO  id: 0525B49C01A9667B0C35F149F3FC8E3D3555BF4AA5F48BD67151FB111AF78015
2024-01-15 10:39:45.545+0000 INFO  name: system
2024-01-15 10:39:45.546+0000 INFO  creationDate: 2024-01-15T10:32:53.476Z
2024-01-15 10:39:45.547+0000 INFO  Started.
2024-01-15 10:41:11.248+0000 INFO  Neo4j Server shutdown initiated by request
2024-01-15 10:41:11.251+0000 INFO  Stopping...
2024-01-15 10:41:16.408+0000 INFO  Stopped.
2024-01-15 10:41:33.787+0000 INFO  Logging config in use: Embedded default config 'default-user-logs.xml'
2024-01-15 10:41:33.791+0000 WARN  Use of deprecated setting 'dbms.memory.pagecache.size'. It is replaced by 'server.memory.pagecache.size'.
2024-01-15 10:41:33.792+0000 WARN  Use of deprecated setting 'dbms.memory.heap.max_size'. It is replaced by 'server.memory.heap.max_size'.
2024-01-15 10:41:33.793+0000 WARN  Use of deprecated setting 'dbms.memory.heap.initial_size'. It is replaced by 'server.memory.heap.initial_size'.
2024-01-15 10:41:33.795+0000 INFO  Starting...
2024-01-15 10:41:34.363+0000 INFO  This instance is ServerId{d311297a} (d311297a-a2a6-4d77-ab0c-d9157cd89f9b)
2024-01-15 10:41:34.831+0000 INFO  ======== Neo4j 5.15.0 ========
2024-01-15 10:41:38.383+0000 INFO  Bolt enabled on 0.0.0.0:7687.
2024-01-15 10:41:38.805+0000 INFO  HTTP enabled on 0.0.0.0:7474.
2024-01-15 10:41:38.806+0000 INFO  Remote interface available at http://localhost:7474/
2024-01-15 10:41:38.810+0000 INFO  id: 0525B49C01A9667B0C35F149F3FC8E3D3555BF4AA5F48BD67151FB111AF78015
2024-01-15 10:41:38.811+0000 INFO  name: system
2024-01-15 10:41:38.812+0000 INFO  creationDate: 2024-01-15T10:32:53.476Z
2024-01-15 10:41:38.813+0000 INFO  Started.
